  camera.cpp
  window.cpp
C:\Users\Razvan\Desktop\grow1\GameEngine\Camera\camera.h(3,10): error C1083: Cannot open include file: 'glm.hpp': No such file or directory
  (compiling source file 'Camera/camera.cpp')
  
C:\Users\Razvan\Desktop\grow1\GameEngine\Graphics\window.h(2,10): error C1083: Cannot open include file: 'glew.h': No such file or directory
  (compiling source file 'Graphics/window.cpp')
  
  imgui.cpp
  imgui_draw.cpp
  imgui_impl_glfw.cpp
C:\Users\Razvan\Desktop\grow1\GameEngine\ImGUI\imgui_impl_glfw.cpp(123,10): error C1083: Cannot open include file: 'glfw3.h': No such file or directory
  imgui_impl_opengl3.cpp
  imgui_tables.cpp
  imgui_widgets.cpp
  main.cpp
C:\Users\Razvan\Desktop\grow1\GameEngine\Graphics\window.h(2,10): error C1083: Cannot open include file: 'glew.h': No such file or directory
  (compiling source file 'main.cpp')
  
  meshLoaderObj.cpp
C:\Users\Razvan\Desktop\grow1\GameEngine\Model Loading\meshLoaderObj.h(4,10): error C1083: Cannot open include file: 'glew.h': No such file or directory
  (compiling source file 'Model%20Loading/meshLoaderObj.cpp')
  
  mesh.cpp
C:\Users\Razvan\Desktop\grow1\GameEngine\Model Loading\mesh.h(2,10): error C1083: Cannot open include file: 'glm.hpp': No such file or directory
  (compiling source file 'Model%20Loading/mesh.cpp')
  
  Player.cpp
C:\Users\Razvan\Desktop\grow1\GameEngine\Player\Player.h(3,10): error C1083: Cannot open include file: 'glm.hpp': No such file or directory
  (compiling source file 'Player/Player.cpp')
  
  shader.cpp
C:\Users\Razvan\Desktop\grow1\GameEngine\Shaders\shader.h(3,10): error C1083: Cannot open include file: 'glew.h': No such file or directory
  (compiling source file 'Shaders/shader.cpp')
  
  texture.cpp
C:\Users\Razvan\Desktop\grow1\GameEngine\Model Loading\texture.h(2,10): error C1083: Cannot open include file: 'glew.h': No such file or directory
  (compiling source file 'Model%20Loading/texture.cpp')
  
  Generating Code...
